
./linker/hello.elf:     file format elf32-littleriscv
./linker/hello.elf
architecture: riscv:rv32, flags 0x00000112:
EXEC_P, HAS_SYMS, D_PAGED
start address 0x40f00000

Program Header:
    LOAD off    0x00001000 vaddr 0x40f00000 paddr 0x40f00000 align 2**12
         filesz 0x000000ee memsz 0x000000ee flags r-x

Sections:
Idx Name              Size      VMA       LMA       File off  Algn  Flags
  0 .text             000000e0  40f00000  40f00000  00001000  2**2  CONTENTS, ALLOC, LOAD, READONLY, CODE
  1 .rodata           0000000e  40f000e0  40f000e0  000010e0  2**2  CONTENTS, ALLOC, LOAD, READONLY, DATA
  2 .riscv.attributes 00000026  00000000  00000000  000010ee  2**0  CONTENTS, READONLY
  3 .comment          00000028  00000000  00000000  00001114  2**0  CONTENTS, READONLY
SYMBOL TABLE:
40f00000 l    d  .text	00000000 .text
40f000e0 l    d  .rodata	00000000 .rodata
00000000 l    d  .riscv.attributes	00000000 .riscv.attributes
00000000 l    d  .comment	00000000 .comment
00000000 l    df *ABS*	00000000 /var/folders/cp/ldqm7d9n4qs9zmwshr1ssk5r0000gn/T//cc5zhBx6.o
40f0000c l       .text	00000000 loop
00000000 l    df *ABS*	00000000 hello.c
40f00010 g     F .text	00000048 putchr
40f00058 g     F .text	00000088 main
40f00000 g       .text	00000000 hello_entry



Disassembly of section .text:

40f00000 <hello_entry>:
hello_entry():
40f00000:	40008137          	lui	sp,0x40008
40f00004:	054000ef          	jal	ra,40f00058 <main>
40f00008:	0040006f          	j	40f0000c <loop>

40f0000c <loop>:
loop():
40f0000c:	00000063          	beqz	zero,40f0000c <loop>

40f00010 <putchr>:
putchr():
40f00010:	fe010113          	addi	sp,sp,-32 # 40007fe0 <hello_entry-0xef8020>
40f00014:	00812e23          	sw	s0,28(sp)
40f00018:	02010413          	addi	s0,sp,32
40f0001c:	00050793          	mv	a5,a0
40f00020:	fef407a3          	sb	a5,-17(s0)
40f00024:	00000013          	nop
40f00028:	f00017b7          	lui	a5,0xf0001
40f0002c:	00478793          	addi	a5,a5,4 # f0001004 <main+0xaf100fac>
40f00030:	0007c783          	lbu	a5,0(a5)
40f00034:	0ff7f793          	andi	a5,a5,255
40f00038:	fe0798e3          	bnez	a5,40f00028 <putchr+0x18>
40f0003c:	f00017b7          	lui	a5,0xf0001
40f00040:	fef44703          	lbu	a4,-17(s0)
40f00044:	00e78023          	sb	a4,0(a5) # f0001000 <main+0xaf100fa8>
40f00048:	00000013          	nop
40f0004c:	01c12403          	lw	s0,28(sp)
40f00050:	02010113          	addi	sp,sp,32
40f00054:	00008067          	ret

40f00058 <main>:
main():
40f00058:	fd010113          	addi	sp,sp,-48
40f0005c:	02112623          	sw	ra,44(sp)
40f00060:	02812423          	sw	s0,40(sp)
40f00064:	03010413          	addi	s0,sp,48
40f00068:	40f007b7          	lui	a5,0x40f00
40f0006c:	0e078793          	addi	a5,a5,224 # 40f000e0 <main+0x88>
40f00070:	0007a603          	lw	a2,0(a5)
40f00074:	0047a683          	lw	a3,4(a5)
40f00078:	0087a703          	lw	a4,8(a5)
40f0007c:	fcc42e23          	sw	a2,-36(s0)
40f00080:	fed42023          	sw	a3,-32(s0)
40f00084:	fee42223          	sw	a4,-28(s0)
40f00088:	00c7d783          	lhu	a5,12(a5)
40f0008c:	fef41423          	sh	a5,-24(s0)
40f00090:	fe042623          	sw	zero,-20(s0)
40f00094:	0280006f          	j	40f000bc <main+0x64>
40f00098:	fec42783          	lw	a5,-20(s0)
40f0009c:	ff040713          	addi	a4,s0,-16
40f000a0:	00f707b3          	add	a5,a4,a5
40f000a4:	fec7c783          	lbu	a5,-20(a5)
40f000a8:	00078513          	mv	a0,a5
40f000ac:	f65ff0ef          	jal	ra,40f00010 <putchr>
40f000b0:	fec42783          	lw	a5,-20(s0)
40f000b4:	00178793          	addi	a5,a5,1
40f000b8:	fef42623          	sw	a5,-20(s0)
40f000bc:	fec42703          	lw	a4,-20(s0)
40f000c0:	00d00793          	li	a5,13
40f000c4:	fce7dae3          	bge	a5,a4,40f00098 <main+0x40>
40f000c8:	00000793          	li	a5,0
40f000cc:	00078513          	mv	a0,a5
40f000d0:	02c12083          	lw	ra,44(sp)
40f000d4:	02812403          	lw	s0,40(sp)
40f000d8:	03010113          	addi	sp,sp,48
40f000dc:	00008067          	ret
